<?xml version="1.0" encoding="UTF-8"?>
<testng-results skipped="0" failed="0" ignored="0" total="1" passed="1">
  <reporter-output>
  </reporter-output>
  <suite name="Suite" duration-ms="50" started-at="2018-08-17T11:58:27Z" finished-at="2018-08-17T11:58:27Z">
    <groups>
    </groups>
    <test name="Test" duration-ms="50" started-at="2018-08-17T11:58:27Z" finished-at="2018-08-17T11:58:27Z">
      <class name="Test.TC001">
        <test-method status="PASS" signature="test1()[pri:0, instance:Test.TC001@4c70fda8]" name="test1" duration-ms="16" started-at="2018-08-17T11:58:27Z" finished-at="2018-08-17T11:58:27Z">
          <reporter-output>
          </reporter-output>
        </test-method> <!-- test1 -->
      </class> <!-- Test.TC001 -->
    </test> <!-- Test -->
  </suite> <!-- Suite -->
</testng-results>
